TN:
SF:server.js
FN:9,(anonymous_0)
FN:23,(anonymous_1)
FN:29,(anonymous_2)
FN:34,(anonymous_3)
FN:64,(anonymous_4)
FN:77,(anonymous_5)
FN:119,(anonymous_6)
FNF:7
FNH:3
FNDA:3,(anonymous_0)
FNDA:4,(anonymous_1)
FNDA:0,(anonymous_2)
FNDA:0,(anonymous_3)
FNDA:0,(anonymous_4)
FNDA:4,(anonymous_5)
FNDA:0,(anonymous_6)
DA:2,1
DA:3,1
DA:4,1
DA:5,1
DA:8,1
DA:9,3
DA:11,1
DA:12,0
DA:15,1
DA:16,1
DA:17,1
DA:18,1
DA:20,1
DA:21,1
DA:23,1
DA:24,4
DA:25,4
DA:29,1
DA:30,0
DA:34,1
DA:35,0
DA:37,0
DA:38,0
DA:41,0
DA:43,0
DA:56,0
DA:57,0
DA:59,0
DA:60,0
DA:64,1
DA:65,0
DA:66,0
DA:67,0
DA:68,0
DA:69,0
DA:70,0
DA:71,0
DA:73,0
DA:77,1
DA:78,4
DA:79,4
DA:80,4
DA:81,1
DA:84,3
DA:85,3
DA:87,3
DA:88,3
DA:90,3
DA:98,3
DA:101,3
DA:102,2
DA:109,1
DA:111,0
DA:112,0
DA:116,1
DA:118,1
DA:119,0
DA:120,0
LF:58
LH:35
BRDA:11,0,0,0
BRDA:11,0,1,1
BRDA:37,1,0,0
BRDA:37,1,1,0
BRDA:71,2,0,0
BRDA:71,2,1,0
BRDA:80,3,0,1
BRDA:80,3,1,3
BRDA:101,4,0,2
BRDA:101,4,1,1
BRDA:103,5,0,2
BRDA:103,5,1,0
BRDA:118,6,0,0
BRDA:118,6,1,1
BRF:14
BRH:7
end_of_record
